<?xml version="1.0" encoding="UTF-8"?>
<!-- Generated by org.testng.reporters.JUnitReportReporter -->
<testsuite hostname="Techpro" name="TestCases.HomePageTestCase" tests="8" failures="0" timestamp="11 Jun 2018 13:20:50 GMT" time="134.664" errors="0">
  <testcase name="verifyHomePageTitleTest" time="15.140" classname="TestCases.HomePageTestCase"/>
  <testcase name="verifyCreateUserLinkTest" time="19.842" classname="TestCases.HomePageTestCase"/>
  <testcase name="verifyOrderPageLinkTest" time="16.147" classname="TestCases.HomePageTestCase"/>
  <testcase name="verifyViewUpdateRequestOrderPageLinkTest" time="16.641" classname="TestCases.HomePageTestCase"/>
  <testcase name="verifyCreateItemLinkTest" time="16.958" classname="TestCases.HomePageTestCase"/>
  <testcase name="verifyViewUpdateDeliveryPageLinkTest" time="15.793" classname="TestCases.HomePageTestCase"/>
  <testcase name="verifyViewUpdateOldRequestOrderPageLinkTest" time="18.986" classname="TestCases.HomePageTestCase"/>
  <testcase name="verifyCreateRequestLinkTest" time="15.157" classname="TestCases.HomePageTestCase"/>
</testsuite> <!-- TestCases.HomePageTestCase -->
