<?xml version="1.0" encoding="UTF-8"?>
<!-- Generated by org.testng.reporters.JUnitReportReporter -->
<testsuite hostname="Techpro" name="TestCases.LoginTestCases" tests="2" failures="0" timestamp="9 Jun 2018 09:38:02 GMT" time="24.422" errors="0">
  <testcase name="loginTest" time="16.021" classname="TestCases.LoginTestCases"/>
  <testcase name="loginPageTitleTest" time="8.401" classname="TestCases.LoginTestCases"/>
</testsuite> <!-- TestCases.LoginTestCases -->
