<?xml version="1.0" encoding="UTF-8"?>
<!-- Generated by org.testng.reporters.JUnitReportReporter -->
<testsuite hostname="Techpro" name="TestCases.HomePageTestCase" tests="8" failures="0" timestamp="13 Jun 2018 13:17:51 GMT" time="142.799" errors="0">
  <testcase name="verifyCreateUserLinkTest" time="15.938" classname="TestCases.HomePageTestCase"/>
  <testcase name="verifyCreateRequestLinkTest" time="15.180" classname="TestCases.HomePageTestCase"/>
  <testcase name="verifyViewUpdateDeliveryPageLinkTest" time="19.445" classname="TestCases.HomePageTestCase"/>
  <testcase name="verifyViewUpdateRequestOrderPageLinkTest" time="21.216" classname="TestCases.HomePageTestCase"/>
  <testcase name="verifyCreateItemLinkTest" time="17.634" classname="TestCases.HomePageTestCase"/>
  <testcase name="verifyHomePageTitleTest" time="15.498" classname="TestCases.HomePageTestCase"/>
  <testcase name="verifyOrderPageLinkTest" time="16.136" classname="TestCases.HomePageTestCase"/>
  <testcase name="verifyViewUpdateOldRequestOrderPageLinkTest" time="21.752" classname="TestCases.HomePageTestCase"/>
</testsuite> <!-- TestCases.HomePageTestCase -->
